<?xml version="1.0" encoding="UTF-8"?>
<!-- Generated by org.testng.reporters.JUnitReportReporter -->
<testsuite skipped="0" hostname="Adity-HP" name="Z_Test.Z_ShopAndCart" tests="1" failures="0" timestamp="16 Nov 2022 07:46:22 GMT" time="13.517" errors="0">
  <testcase name="testCase3" time="13.517" classname="Z_Test.Z_ShopAndCart"/>
</testsuite> <!-- Z_Test.Z_ShopAndCart -->
