<?xml version="1.0" encoding="UTF-8"?>
<!-- Generated by org.testng.reporters.JUnitReportReporter -->
<testsuite skipped="0" hostname="Adity-HP" name="ARC4Planit.PlanitTA.tests.ContactPageTest" tests="11" failures="0" timestamp="17 Nov 2022 02:15:16 GMT" time="175.729" errors="0">
  <testcase name="testCase2" time="9.546" classname="ARC4Planit.PlanitTA.tests.ContactPageTest"/>
  <testcase name="testCase2b" time="10.448" classname="ARC4Planit.PlanitTA.tests.ContactPageTest"/>
  <testcase name="testCase2b" time="9.212" classname="ARC4Planit.PlanitTA.tests.ContactPageTest"/>
  <testcase name="testCase2" time="25.731" classname="ARC4Planit.PlanitTA.tests.ContactPageTest"/>
  <testcase name="testCase2" time="16.074" classname="ARC4Planit.PlanitTA.tests.ContactPageTest"/>
  <testcase name="testCase2b" time="6.103" classname="ARC4Planit.PlanitTA.tests.ContactPageTest"/>
  <testcase name="testCase2b" time="22.328" classname="ARC4Planit.PlanitTA.tests.ContactPageTest"/>
  <testcase name="testCase2b" time="5.698" classname="ARC4Planit.PlanitTA.tests.ContactPageTest"/>
  <testcase name="testCase2" time="9.791" classname="ARC4Planit.PlanitTA.tests.ContactPageTest"/>
  <testcase name="testCase1" time="21.335" classname="ARC4Planit.PlanitTA.tests.ContactPageTest"/>
  <testcase name="testCase2" time="39.463" classname="ARC4Planit.PlanitTA.tests.ContactPageTest"/>
</testsuite> <!-- ARC4Planit.PlanitTA.tests.ContactPageTest -->
