<?xml version="1.0" encoding="UTF-8"?>
<!-- Generated by org.testng.reporters.JUnitReportReporter -->
<testsuite skipped="0" hostname="Adity-HP" name="ARC4Planit.PlanitTA.tests.ShopAndCartPageTest" tests="1" failures="0" timestamp="17 Nov 2022 02:15:16 GMT" time="21.940" errors="0">
  <testcase name="testCase3" time="21.940" classname="ARC4Planit.PlanitTA.tests.ShopAndCartPageTest"/>
</testsuite> <!-- ARC4Planit.PlanitTA.tests.ShopAndCartPageTest -->
