<?xml version="1.0" encoding="UTF-8"?>
<!-- Generated by org.testng.reporters.JUnitReportReporter -->
<testsuite skipped="0" hostname="Adity-HP" name="Z_Test.TestIteration" tests="1" failures="0" timestamp="16 Nov 2022 11:36:03 GMT" time="22.474" errors="0">
  <testcase name="testCase3" time="22.474" classname="Z_Test.TestIteration"/>
</testsuite> <!-- Z_Test.TestIteration -->
